SF:lib\app\module\calculator\presentation\pages\home\enums\operator_enum.dart
DA:1,5
LF:1
LH:1
end_of_record
SF:lib\app\module\calculator\presentation\pages\home\home_controller.dart
DA:9,2
DA:11,2
DA:12,2
DA:13,2
DA:14,4
DA:17,12
DA:20,2
DA:21,4
DA:22,10
DA:23,4
DA:24,2
DA:27,2
DA:28,4
DA:29,2
DA:32,1
DA:33,2
DA:34,1
LF:17
LH:17
end_of_record
SF:lib\app\module\calculator\presentation\pages\home\home_store.dart
DA:7,6
DA:9,3
DA:10,0
DA:11,8
DA:12,2
DA:13,2
DA:15,2
DA:16,6
DA:17,2
DA:18,2
DA:22,2
DA:23,4
DA:27,4
DA:28,4
DA:30,0
DA:33,6
DA:37,2
DA:40,2
DA:41,6
DA:46,8
LF:20
LH:18
end_of_record
SF:lib\app\module\calculator\presentation\pages\home\viewmodel\home_view_model.dart
DA:10,2
DA:11,2
DA:12,2
DA:13,6
DA:14,1
DA:15,0
DA:16,1
DA:17,3
DA:18,0
DA:19,0
DA:25,2
DA:33,2
DA:40,2
DA:41,2
DA:42,2
DA:43,2
DA:44,2
DA:45,2
DA:49,2
DA:50,2
DA:52,2
DA:53,2
DA:54,2
LF:23
LH:20
end_of_record
SF:lib\app\module\home\presentation\pages\home\home_controller.dart
DA:5,3
DA:9,12
LF:2
LH:2
end_of_record
SF:lib\app\app_module.dart
DA:6,3
DA:7,3
DA:9,0
DA:10,0
DA:11,0
DA:12,0
LF:6
LH:2
end_of_record
SF:lib\app\module\calculator\calculator_module.dart
DA:8,1
DA:9,1
DA:10,4
DA:11,3
DA:14,0
DA:15,0
DA:16,0
DA:18,0
LF:8
LH:4
end_of_record
SF:lib\app\module\home\home_module.dart
DA:8,2
DA:9,2
DA:10,8
DA:11,6
DA:14,0
DA:15,0
DA:16,0
DA:18,0
LF:8
LH:4
end_of_record
SF:lib\app\module\calculator\presentation\pages\home\home_page.dart
DA:13,5
DA:15,1
DA:16,1
DA:21,1
DA:23,1
DA:24,1
DA:25,1
DA:26,1
DA:27,1
DA:28,1
DA:29,1
DA:30,2
DA:32,1
DA:33,2
DA:34,1
DA:35,1
DA:37,1
DA:40,1
DA:41,2
DA:43,1
DA:44,1
DA:45,1
DA:46,1
DA:47,0
DA:52,1
DA:53,1
DA:54,2
DA:59,1
DA:60,1
DA:62,2
DA:75,1
DA:77,1
DA:79,2
DA:80,2
LF:34
LH:33
end_of_record
SF:lib\app\module\calculator\presentation\pages\home\widgets\result_label_widget.dart
DA:5,1
DA:8,1
DA:10,1
DA:12,1
DA:14,1
DA:18,1
DA:20,1
DA:21,1
LF:8
LH:8
end_of_record
SF:lib\app\module\calculator\presentation\pages\home\widgets\calculator_button_widget.dart
DA:7,1
DA:11,1
DA:13,1
DA:15,1
DA:17,1
DA:18,3
DA:19,1
DA:20,2
LF:8
LH:8
end_of_record
SF:lib\app\module\calculator\presentation\pages\home\widgets\numbers\numbers_widget.dart
DA:7,1
DA:10,1
DA:12,1
DA:14,1
DA:15,1
DA:16,1
DA:18,1
DA:20,1
DA:22,1
DA:24,2
LF:10
LH:10
end_of_record
SF:lib\app\module\calculator\presentation\pages\home\widgets\row_operator_widget.dart
DA:8,1
DA:11,1
DA:13,1
DA:15,1
DA:18,1
DA:19,1
DA:21,1
DA:22,2
DA:26,1
DA:28,0
DA:29,0
DA:33,1
DA:35,0
DA:36,0
DA:40,1
DA:42,1
DA:43,2
LF:17
LH:13
end_of_record
SF:lib\app\module\calculator\presentation\pages\home\widgets\numbers\row_number_widget.dart
DA:9,1
DA:13,1
DA:15,1
DA:17,1
DA:21,1
DA:23,1
DA:24,3
DA:25,1
DA:26,2
DA:27,1
DA:28,2
LF:11
LH:11
end_of_record
SF:lib\app\module\home\presentation\pages\home\home_page.dart
DA:8,6
DA:10,2
DA:11,2
DA:17,2
DA:19,2
DA:20,2
DA:22,2
DA:23,2
DA:24,6
DA:25,2
DA:26,2
DA:27,2
DA:28,2
DA:29,2
DA:35,2
DA:37,8
DA:38,4
DA:44,2
DA:46,0
DA:47,0
DA:56,2
DA:58,2
DA:60,4
DA:61,4
LF:24
LH:22
end_of_record
